<?xml version="1.0" encoding="UTF-8"?>
<coverage generated="1560948894957" clover="3.2.0">
  <project timestamp="1560948894958" name="All files">
    <metrics statements="34" coveredstatements="28" conditionals="16" coveredconditionals="14" methods="12" coveredmethods="8" elements="62" coveredelements="50" complexity="0" loc="34" ncloc="34" packages="1" files="4" classes="4">
      <file name="db.js" path="C:\Users\Michaelzgraphix\Desktop\web dev\Nodejs\testing-demo\db.js">
        <metrics statements="7" coveredstatements="2" conditionals="0" coveredconditionals="0" methods="3" coveredmethods="0"/>
        <line num="1" count="1" type="stmt"/>
        <line num="2" count="0" type="stmt"/>
        <line num="3" count="0" type="stmt"/>
        <line num="6" count="1" type="stmt"/>
        <line num="7" count="0" type="stmt"/>
        <line num="8" count="0" type="stmt"/>
        <line num="9" count="0" type="stmt"/>
      </file>
      <file name="exercise1.js" path="C:\Users\Michaelzgraphix\Desktop\web dev\Nodejs\testing-demo\exercise1.js">
        <metrics statements="6" coveredstatements="6" conditionals="10" coveredconditionals="9" methods="1" coveredmethods="1"/>
        <line num="1" count="1" type="stmt"/>
        <line num="2" count="4" type="cond" truecount="1" falsecount="1"/>
        <line num="4" count="4" type="cond" truecount="4" falsecount="0"/>
        <line num="6" count="3" type="cond" truecount="2" falsecount="0"/>
        <line num="8" count="2" type="cond" truecount="2" falsecount="0"/>
        <line num="10" count="1" type="stmt"/>
      </file>
      <file name="lib.js" path="C:\Users\Michaelzgraphix\Desktop\web dev\Nodejs\testing-demo\lib.js">
        <metrics statements="19" coveredstatements="19" conditionals="6" coveredconditionals="5" methods="7" coveredmethods="7"/>
        <line num="1" count="1" type="stmt"/>
        <line num="2" count="1" type="stmt"/>
        <line num="5" count="1" type="stmt"/>
        <line num="6" count="3" type="cond" truecount="2" falsecount="0"/>
        <line num="10" count="1" type="stmt"/>
        <line num="11" count="1" type="stmt"/>
        <line num="15" count="1" type="stmt"/>
        <line num="16" count="1" type="stmt"/>
        <line num="20" count="1" type="stmt"/>
        <line num="21" count="1" type="stmt"/>
        <line num="25" count="1" type="stmt"/>
        <line num="26" count="13" type="cond" truecount="2" falsecount="0"/>
        <line num="28" count="1" type="stmt"/>
        <line num="32" count="1" type="stmt"/>
        <line num="33" count="1" type="stmt"/>
        <line num="35" count="1" type="cond" truecount="1" falsecount="1"/>
        <line num="39" count="1" type="stmt"/>
        <line num="40" count="1" type="stmt"/>
        <line num="42" count="1" type="stmt"/>
      </file>
      <file name="mail.js" path="C:\Users\Michaelzgraphix\Desktop\web dev\Nodejs\testing-demo\mail.js">
        <metrics statements="2" coveredstatements="1" conditionals="0" coveredconditionals="0" methods="1" coveredmethods="0"/>
        <line num="1" count="1" type="stmt"/>
        <line num="2" count="0" type="stmt"/>
      </file>
    </metrics>
  </project>
</coverage>
