{"C:\\Users\\Michaelzgraphix\\Desktop\\web dev\\Nodejs\\testing-demo\\db.js": {"path":"C:\\Users\\Michaelzgraphix\\Desktop\\web dev\\Nodejs\\testing-demo\\db.js","statementMap":{"0":{"start":{"line":1,"column":0},"end":{"line":4,"column":2}},"1":{"start":{"line":2,"column":2},"end":{"line":2,"column":52}},"2":{"start":{"line":3,"column":2},"end":{"line":3,"column":32}},"3":{"start":{"line":6,"column":0},"end":{"line":11,"column":2}},"4":{"start":{"line":7,"column":2},"end":{"line":10,"column":5}},"5":{"start":{"line":8,"column":4},"end":{"line":8,"column":54}},"6":{"start":{"line":9,"column":4},"end":{"line":9,"column":36}}},"fnMap":{"0":{"name":"(anonymous_0)","decl":{"start":{"line":1,"column":33},"end":{"line":1,"column":34}},"loc":{"start":{"line":1,"column":46},"end":{"line":4,"column":1}},"line":1},"1":{"name":"(anonymous_1)","decl":{"start":{"line":6,"column":29},"end":{"line":6,"column":30}},"loc":{"start":{"line":6,"column":48},"end":{"line":11,"column":1}},"line":6},"2":{"name":"(anonymous_2)","decl":{"start":{"line":7,"column":21},"end":{"line":7,"column":22}},"loc":{"start":{"line":7,"column":42},"end":{"line":10,"column":3}},"line":7}},"branchMap":{},"s":{"0":1,"1":0,"2":0,"3":1,"4":0,"5":0,"6":0},"f":{"0":0,"1":0,"2":0},"b":{},"_coverageSchema":"332fd63041d2c1bcb487cc26dd0d5f7d97098a6c","hash":"50d92016864f015c1e749cde317903895eb6d0cf"}
,"C:\\Users\\Michaelzgraphix\\Desktop\\web dev\\Nodejs\\testing-demo\\exercise1.js": {"path":"C:\\Users\\Michaelzgraphix\\Desktop\\web dev\\Nodejs\\testing-demo\\exercise1.js","statementMap":{"0":{"start":{"line":1,"column":0},"end":{"line":11,"column":2}},"1":{"start":{"line":2,"column":2},"end":{"line":2,"column":78}},"2":{"start":{"line":2,"column":33},"end":{"line":2,"column":78}},"3":{"start":{"line":4,"column":2},"end":{"line":4,"column":60}},"4":{"start":{"line":4,"column":42},"end":{"line":4,"column":60}},"5":{"start":{"line":6,"column":2},"end":{"line":6,"column":37}},"6":{"start":{"line":6,"column":23},"end":{"line":6,"column":37}},"7":{"start":{"line":8,"column":2},"end":{"line":8,"column":37}},"8":{"start":{"line":8,"column":23},"end":{"line":8,"column":37}},"9":{"start":{"line":10,"column":2},"end":{"line":10,"column":15}}},"fnMap":{"0":{"name":"(anonymous_0)","decl":{"start":{"line":1,"column":26},"end":{"line":1,"column":27}},"loc":{"start":{"line":1,"column":42},"end":{"line":11,"column":1}},"line":1}},"branchMap":{"0":{"loc":{"start":{"line":2,"column":2},"end":{"line":2,"column":78}},"type":"if","locations":[{"start":{"line":2,"column":2},"end":{"line":2,"column":78}},{"start":{"line":2,"column":2},"end":{"line":2,"column":78}}],"line":2},"1":{"loc":{"start":{"line":4,"column":2},"end":{"line":4,"column":60}},"type":"if","locations":[{"start":{"line":4,"column":2},"end":{"line":4,"column":60}},{"start":{"line":4,"column":2},"end":{"line":4,"column":60}}],"line":4},"2":{"loc":{"start":{"line":4,"column":6},"end":{"line":4,"column":40}},"type":"binary-expr","locations":[{"start":{"line":4,"column":6},"end":{"line":4,"column":21}},{"start":{"line":4,"column":25},"end":{"line":4,"column":40}}],"line":4},"3":{"loc":{"start":{"line":6,"column":2},"end":{"line":6,"column":37}},"type":"if","locations":[{"start":{"line":6,"column":2},"end":{"line":6,"column":37}},{"start":{"line":6,"column":2},"end":{"line":6,"column":37}}],"line":6},"4":{"loc":{"start":{"line":8,"column":2},"end":{"line":8,"column":37}},"type":"if","locations":[{"start":{"line":8,"column":2},"end":{"line":8,"column":37}},{"start":{"line":8,"column":2},"end":{"line":8,"column":37}}],"line":8}},"s":{"0":1,"1":4,"2":0,"3":4,"4":1,"5":3,"6":1,"7":2,"8":1,"9":1},"f":{"0":4},"b":{"0":[0,4],"1":[1,3],"2":[4,2],"3":[1,2],"4":[1,1]},"_coverageSchema":"332fd63041d2c1bcb487cc26dd0d5f7d97098a6c","hash":"4e6f956a6574625a0d9d0d90910146bc581c67b0"}
,"C:\\Users\\Michaelzgraphix\\Desktop\\web dev\\Nodejs\\testing-demo\\lib.js": {"path":"C:\\Users\\Michaelzgraphix\\Desktop\\web dev\\Nodejs\\testing-demo\\lib.js","statementMap":{"0":{"start":{"line":1,"column":11},"end":{"line":1,"column":26}},"1":{"start":{"line":2,"column":13},"end":{"line":2,"column":30}},"2":{"start":{"line":5,"column":0},"end":{"line":7,"column":2}},"3":{"start":{"line":6,"column":2},"end":{"line":6,"column":40}},"4":{"start":{"line":10,"column":0},"end":{"line":12,"column":2}},"5":{"start":{"line":11,"column":2},"end":{"line":11,"column":27}},"6":{"start":{"line":15,"column":0},"end":{"line":17,"column":2}},"7":{"start":{"line":16,"column":2},"end":{"line":16,"column":31}},"8":{"start":{"line":20,"column":0},"end":{"line":22,"column":2}},"9":{"start":{"line":21,"column":2},"end":{"line":21,"column":38}},"10":{"start":{"line":25,"column":0},"end":{"line":29,"column":2}},"11":{"start":{"line":26,"column":2},"end":{"line":26,"column":58}},"12":{"start":{"line":26,"column":17},"end":{"line":26,"column":58}},"13":{"start":{"line":28,"column":2},"end":{"line":28,"column":58}},"14":{"start":{"line":32,"column":0},"end":{"line":36,"column":2}},"15":{"start":{"line":33,"column":19},"end":{"line":33,"column":55}},"16":{"start":{"line":35,"column":2},"end":{"line":35,"column":52}},"17":{"start":{"line":35,"column":28},"end":{"line":35,"column":52}},"18":{"start":{"line":39,"column":0},"end":{"line":43,"column":2}},"19":{"start":{"line":40,"column":19},"end":{"line":40,"column":55}},"20":{"start":{"line":42,"column":2},"end":{"line":42,"column":67}}},"fnMap":{"0":{"name":"(anonymous_0)","decl":{"start":{"line":5,"column":26},"end":{"line":5,"column":27}},"loc":{"start":{"line":5,"column":43},"end":{"line":7,"column":1}},"line":5},"1":{"name":"(anonymous_1)","decl":{"start":{"line":10,"column":23},"end":{"line":10,"column":24}},"loc":{"start":{"line":10,"column":38},"end":{"line":12,"column":1}},"line":10},"2":{"name":"(anonymous_2)","decl":{"start":{"line":15,"column":31},"end":{"line":15,"column":32}},"loc":{"start":{"line":15,"column":42},"end":{"line":17,"column":1}},"line":15},"3":{"name":"(anonymous_3)","decl":{"start":{"line":20,"column":28},"end":{"line":20,"column":29}},"loc":{"start":{"line":20,"column":48},"end":{"line":22,"column":1}},"line":20},"4":{"name":"(anonymous_4)","decl":{"start":{"line":25,"column":30},"end":{"line":25,"column":31}},"loc":{"start":{"line":25,"column":49},"end":{"line":29,"column":1}},"line":25},"5":{"name":"(anonymous_5)","decl":{"start":{"line":32,"column":31},"end":{"line":32,"column":32}},"loc":{"start":{"line":32,"column":47},"end":{"line":36,"column":1}},"line":32},"6":{"name":"(anonymous_6)","decl":{"start":{"line":39,"column":32},"end":{"line":39,"column":33}},"loc":{"start":{"line":39,"column":48},"end":{"line":43,"column":1}},"line":39}},"branchMap":{"0":{"loc":{"start":{"line":6,"column":9},"end":{"line":6,"column":39}},"type":"cond-expr","locations":[{"start":{"line":6,"column":23},"end":{"line":6,"column":29}},{"start":{"line":6,"column":32},"end":{"line":6,"column":39}}],"line":6},"1":{"loc":{"start":{"line":26,"column":2},"end":{"line":26,"column":58}},"type":"if","locations":[{"start":{"line":26,"column":2},"end":{"line":26,"column":58}},{"start":{"line":26,"column":2},"end":{"line":26,"column":58}}],"line":26},"2":{"loc":{"start":{"line":35,"column":2},"end":{"line":35,"column":52}},"type":"if","locations":[{"start":{"line":35,"column":2},"end":{"line":35,"column":52}},{"start":{"line":35,"column":2},"end":{"line":35,"column":52}}],"line":35}},"s":{"0":1,"1":1,"2":1,"3":3,"4":1,"5":1,"6":1,"7":1,"8":1,"9":1,"10":1,"11":13,"12":12,"13":1,"14":1,"15":1,"16":1,"17":1,"18":1,"19":1,"20":1},"f":{"0":3,"1":1,"2":1,"3":1,"4":13,"5":1,"6":1},"b":{"0":[2,1],"1":[12,1],"2":[1,0]},"_coverageSchema":"332fd63041d2c1bcb487cc26dd0d5f7d97098a6c","hash":"ca165124cff45318bde2da48049aacccb907d606"}
,"C:\\Users\\Michaelzgraphix\\Desktop\\web dev\\Nodejs\\testing-demo\\mail.js": {"path":"C:\\Users\\Michaelzgraphix\\Desktop\\web dev\\Nodejs\\testing-demo\\mail.js","statementMap":{"0":{"start":{"line":1,"column":0},"end":{"line":3,"column":2}},"1":{"start":{"line":2,"column":2},"end":{"line":2,"column":37}}},"fnMap":{"0":{"name":"(anonymous_0)","decl":{"start":{"line":1,"column":22},"end":{"line":1,"column":23}},"loc":{"start":{"line":1,"column":44},"end":{"line":3,"column":1}},"line":1}},"branchMap":{},"s":{"0":1,"1":0},"f":{"0":0},"b":{},"_coverageSchema":"332fd63041d2c1bcb487cc26dd0d5f7d97098a6c","hash":"72cbe961bb96dcb7e4efba9946de1b45a9706575"}
}
