TN:
SF:C:\Users\Michaelzgraphix\Desktop\web dev\Nodejs\testing-demo\db.js
FN:1,(anonymous_0)
FN:6,(anonymous_1)
FN:7,(anonymous_2)
FNF:3
FNH:0
FNDA:0,(anonymous_0)
FNDA:0,(anonymous_1)
FNDA:0,(anonymous_2)
DA:1,1
DA:2,0
DA:3,0
DA:6,1
DA:7,0
DA:8,0
DA:9,0
LF:7
LH:2
BRF:0
BRH:0
end_of_record
TN:
SF:C:\Users\Michaelzgraphix\Desktop\web dev\Nodejs\testing-demo\exercise1.js
FN:1,(anonymous_0)
FNF:1
FNH:1
FNDA:4,(anonymous_0)
DA:1,1
DA:2,4
DA:4,4
DA:6,3
DA:8,2
DA:10,1
LF:6
LH:6
BRDA:2,0,0,0
BRDA:2,0,1,4
BRDA:4,1,0,1
BRDA:4,1,1,3
BRDA:4,2,0,4
BRDA:4,2,1,2
BRDA:6,3,0,1
BRDA:6,3,1,2
BRDA:8,4,0,1
BRDA:8,4,1,1
BRF:10
BRH:9
end_of_record
TN:
SF:C:\Users\Michaelzgraphix\Desktop\web dev\Nodejs\testing-demo\lib.js
FN:5,(anonymous_0)
FN:10,(anonymous_1)
FN:15,(anonymous_2)
FN:20,(anonymous_3)
FN:25,(anonymous_4)
FN:32,(anonymous_5)
FN:39,(anonymous_6)
FNF:7
FNH:7
FNDA:3,(anonymous_0)
FNDA:1,(anonymous_1)
FNDA:1,(anonymous_2)
FNDA:1,(anonymous_3)
FNDA:13,(anonymous_4)
FNDA:1,(anonymous_5)
FNDA:1,(anonymous_6)
DA:1,1
DA:2,1
DA:5,1
DA:6,3
DA:10,1
DA:11,1
DA:15,1
DA:16,1
DA:20,1
DA:21,1
DA:25,1
DA:26,13
DA:28,1
DA:32,1
DA:33,1
DA:35,1
DA:39,1
DA:40,1
DA:42,1
LF:19
LH:19
BRDA:6,0,0,2
BRDA:6,0,1,1
BRDA:26,1,0,12
BRDA:26,1,1,1
BRDA:35,2,0,1
BRDA:35,2,1,0
BRF:6
BRH:5
end_of_record
TN:
SF:C:\Users\Michaelzgraphix\Desktop\web dev\Nodejs\testing-demo\mail.js
FN:1,(anonymous_0)
FNF:1
FNH:0
FNDA:0,(anonymous_0)
DA:1,1
DA:2,0
LF:2
LH:1
BRF:0
BRH:0
end_of_record
